This is pdfTeX, Version 3.1415926-2.5-1.40.14 (TeX Live 2013/Debian) (format=pdflatex 2015.2.23)  1 AUG 2015 17:39
entering extended mode
 \write18 enabled.
 %&-line parsing enabled.
**hpcse_report_lstrebel.tex
(./hpcse_report_lstrebel.tex
LaTeX2e <2011/06/27>
Babel <3.9h> and hyphenation patterns for 78 languages loaded.
(/usr/share/texlive/texmf-dist/tex/latex/base/article.cls
Document Class: article 2007/10/19 v1.4h Standard LaTeX document class
(/usr/share/texlive/texmf-dist/tex/latex/base/size11.clo
File: size11.clo 2007/10/19 v1.4h Standard LaTeX file (size option)
)
\c@part=\count79
\c@section=\count80
\c@subsection=\count81
\c@subsubsection=\count82
\c@paragraph=\count83
\c@subparagraph=\count84
\c@figure=\count85
\c@table=\count86
\abovecaptionskip=\skip41
\belowcaptionskip=\skip42
\bibindent=\dimen102
)
(/usr/share/texlive/texmf-dist/tex/latex/amsmath/amsmath.sty
Package: amsmath 2013/01/14 v2.14 AMS math features
\@mathmargin=\skip43

For additional information on amsmath, use the `?' option.
(/usr/share/texlive/texmf-dist/tex/latex/amsmath/amstext.sty
Package: amstext 2000/06/29 v2.01

(/usr/share/texlive/texmf-dist/tex/latex/amsmath/amsgen.sty
File: amsgen.sty 1999/11/30 v2.0
\@emptytoks=\toks14
\ex@=\dimen103
))
(/usr/share/texlive/texmf-dist/tex/latex/amsmath/amsbsy.sty
Package: amsbsy 1999/11/29 v1.2d
\pmbraise@=\dimen104
)
(/usr/share/texlive/texmf-dist/tex/latex/amsmath/amsopn.sty
Package: amsopn 1999/12/14 v2.01 operator names
)
\inf@bad=\count87
LaTeX Info: Redefining \frac on input line 210.
\uproot@=\count88
\leftroot@=\count89
LaTeX Info: Redefining \overline on input line 306.
\classnum@=\count90
\DOTSCASE@=\count91
LaTeX Info: Redefining \ldots on input line 378.
LaTeX Info: Redefining \dots on input line 381.
LaTeX Info: Redefining \cdots on input line 466.
\Mathstrutbox@=\box26
\strutbox@=\box27
\big@size=\dimen105
LaTeX Font Info:    Redeclaring font encoding OML on input line 566.
LaTeX Font Info:    Redeclaring font encoding OMS on input line 567.
\macc@depth=\count92
\c@MaxMatrixCols=\count93
\dotsspace@=\muskip10
\c@parentequation=\count94
\dspbrk@lvl=\count95
\tag@help=\toks15
\row@=\count96
\column@=\count97
\maxfields@=\count98
\andhelp@=\toks16
\eqnshift@=\dimen106
\alignsep@=\dimen107
\tagshift@=\dimen108
\tagwidth@=\dimen109
\totwidth@=\dimen110
\lineht@=\dimen111
\@envbody=\toks17
\multlinegap=\skip44
\multlinetaggap=\skip45
\mathdisplay@stack=\toks18
LaTeX Info: Redefining \[ on input line 2665.
LaTeX Info: Redefining \] on input line 2666.
)
(/usr/share/texlive/texmf-dist/tex/latex/amsfonts/amssymb.sty
Package: amssymb 2013/01/14 v3.01 AMS font symbols

(/usr/share/texlive/texmf-dist/tex/latex/amsfonts/amsfonts.sty
Package: amsfonts 2013/01/14 v3.01 Basic AMSFonts support
\symAMSa=\mathgroup4
\symAMSb=\mathgroup5
LaTeX Font Info:    Overwriting math alphabet `\mathfrak' in version `bold'
(Font)                  U/euf/m/n --> U/euf/b/n on input line 106.
))
(/usr/share/texlive/texmf-dist/tex/latex/graphics/graphicx.sty
Package: graphicx 1999/02/16 v1.0f Enhanced LaTeX Graphics (DPC,SPQR)

(/usr/share/texlive/texmf-dist/tex/latex/graphics/keyval.sty
Package: keyval 1999/03/16 v1.13 key=value parser (DPC)
\KV@toks@=\toks19
)
(/usr/share/texlive/texmf-dist/tex/latex/graphics/graphics.sty
Package: graphics 2009/02/05 v1.0o Standard LaTeX Graphics (DPC,SPQR)

(/usr/share/texlive/texmf-dist/tex/latex/graphics/trig.sty
Package: trig 1999/03/16 v1.09 sin cos tan (DPC)
)
(/usr/share/texlive/texmf-dist/tex/latex/latexconfig/graphics.cfg
File: graphics.cfg 2010/04/23 v1.9 graphics configuration of TeX Live
)
Package graphics Info: Driver file: pdftex.def on input line 91.

(/usr/share/texlive/texmf-dist/tex/latex/pdftex-def/pdftex.def
File: pdftex.def 2011/05/27 v0.06d Graphics/color for pdfTeX

(/usr/share/texlive/texmf-dist/tex/generic/oberdiek/infwarerr.sty
Package: infwarerr 2010/04/08 v1.3 Providing info/warning/error messages (HO)
)
(/usr/share/texlive/texmf-dist/tex/generic/oberdiek/ltxcmds.sty
Package: ltxcmds 2011/11/09 v1.22 LaTeX kernel commands for general use (HO)
)
\Gread@gobject=\count99
))
\Gin@req@height=\dimen112
\Gin@req@width=\dimen113
)
(/usr/share/texlive/texmf-dist/tex/latex/was/gensymb.sty
Package: gensymb 2003/07/02 v1.0 (WaS)
)
(/usr/share/texlive/texmf-dist/tex/latex/caption/subcaption.sty
Package: subcaption 2013/02/03 v1.1-62 Sub-captions (AR)

(/usr/share/texlive/texmf-dist/tex/latex/caption/caption.sty
Package: caption 2013/05/02 v3.3-89 Customizing captions (AR)

(/usr/share/texlive/texmf-dist/tex/latex/caption/caption3.sty
Package: caption3 2013/05/02 v1.6-88 caption3 kernel (AR)
Package caption3 Info: TeX engine: e-TeX on input line 57.
\captionmargin=\dimen114
\captionmargin@=\dimen115
\captionwidth=\dimen116
\caption@tempdima=\dimen117
\caption@indent=\dimen118
\caption@parindent=\dimen119
\caption@hangindent=\dimen120
)
\c@ContinuedFloat=\count100
)
\c@subfigure=\count101
\c@subtable=\count102
)
(/usr/share/texlive/texmf-dist/tex/latex/minted/minted.sty
Package: minted 2011/09/17 v1.7 Yet another Pygments shim for LaTeX

(/usr/share/texlive/texmf-dist/tex/latex/fancyvrb/fancyvrb.sty
Package: fancyvrb 2008/02/07

Style option: `fancyvrb' v2.7a, with DG/SPQR fixes, and firstline=lastline fix 
<2008/02/07> (tvz)
\FV@CodeLineNo=\count103
\FV@InFile=\read1
\FV@TabBox=\box28
\c@FancyVerbLine=\count104
\FV@StepNumber=\count105
\FV@OutFile=\write3
) (/usr/share/texmf/tex/latex/xcolor/xcolor.sty
Package: xcolor 2007/01/21 v2.11 LaTeX color extensions (UK)

(/usr/share/texlive/texmf-dist/tex/latex/latexconfig/color.cfg
File: color.cfg 2007/01/18 v1.5 color configuration of teTeX/TeXLive
)
Package xcolor Info: Driver file: pdftex.def on input line 225.
Package xcolor Info: Model `cmy' substituted by `cmy0' on input line 1337.
Package xcolor Info: Model `hsb' substituted by `rgb' on input line 1341.
Package xcolor Info: Model `RGB' extended on input line 1353.
Package xcolor Info: Model `HTML' substituted by `rgb' on input line 1355.
Package xcolor Info: Model `Hsb' substituted by `hsb' on input line 1356.
Package xcolor Info: Model `tHsb' substituted by `hsb' on input line 1357.
Package xcolor Info: Model `HSB' substituted by `hsb' on input line 1358.
Package xcolor Info: Model `Gray' substituted by `gray' on input line 1359.
Package xcolor Info: Model `wave' substituted by `hsb' on input line 1360.
)
(/usr/share/texlive/texmf-dist/tex/latex/float/float.sty
Package: float 2001/11/08 v1.3d Float enhancements (AL)
\c@float@type=\count106
\float@exts=\toks20
\float@box=\box29
\@float@everytoks=\toks21
\@floatcapt=\box30
)
(/usr/share/texlive/texmf-dist/tex/latex/base/ifthen.sty
Package: ifthen 2001/05/26 v1.1c Standard LaTeX ifthen package (DPC)
)
(/usr/share/texlive/texmf-dist/tex/latex/tools/calc.sty
Package: calc 2007/08/22 v4.3 Infix arithmetic (KKT,FJ)
\calc@Acount=\count107
\calc@Bcount=\count108
\calc@Adimen=\dimen121
\calc@Bdimen=\dimen122
\calc@Askip=\skip46
\calc@Bskip=\skip47
LaTeX Info: Redefining \setlength on input line 76.
LaTeX Info: Redefining \addtolength on input line 77.
\calc@Ccount=\count109
\calc@Cskip=\skip48
)
(/usr/share/texlive/texmf-dist/tex/latex/ifplatform/ifplatform.sty
Package: ifplatform 2010/10/22 v0.4 Testing for the operating system

(/usr/share/texlive/texmf-dist/tex/generic/oberdiek/pdftexcmds.sty
Package: pdftexcmds 2011/11/29 v0.20 Utility functions of pdfTeX for LuaTeX (HO
)

(/usr/share/texlive/texmf-dist/tex/generic/oberdiek/ifluatex.sty
Package: ifluatex 2010/03/01 v1.3 Provides the ifluatex switch (HO)
Package ifluatex Info: LuaTeX not detected.
)
(/usr/share/texlive/texmf-dist/tex/generic/oberdiek/ifpdf.sty
Package: ifpdf 2011/01/30 v2.3 Provides the ifpdf switch (HO)
Package ifpdf Info: pdfTeX in PDF mode is detected.
)
Package pdftexcmds Info: LuaTeX not detected.
Package pdftexcmds Info: \pdf@primitive is available.
Package pdftexcmds Info: \pdf@ifprimitive is available.
Package pdftexcmds Info: \pdfdraftmode found.
)
(/usr/share/texlive/texmf-dist/tex/generic/oberdiek/catchfile.sty
Package: catchfile 2011/03/01 v1.6 Catch the contents of a file (HO)

(/usr/share/texlive/texmf-dist/tex/generic/oberdiek/etexcmds.sty
Package: etexcmds 2011/02/16 v1.5 Avoid name clashes with e-TeX commands (HO)
Package etexcmds Info: Could not find \expanded.
(etexcmds)             That can mean that you are not using pdfTeX 1.50 or
(etexcmds)             that some package has redefined \expanded.
(etexcmds)             In the latter case, load this package earlier.
))
runsystem(uname -s > "hpcse_report_lstrebel.w18")...executed.


(./hpcse_report_lstrebel.w18)
runsystem(rm -- "hpcse_report_lstrebel.w18")...executed.

)
\minted@bgbox=\box31
\minted@code=\write4
\@float@every@listing=\toks22
\c@listing=\count110
)
runsystem(which pygmentize && touch hpcse_report_lstrebel.aex)...executed.

runsystem(rm hpcse_report_lstrebel.aex)...executed.


(/usr/share/texlive/texmf-dist/tex/latex/base/inputenc.sty
Package: inputenc 2008/03/30 v1.1d Input encoding file
\inpenc@prehook=\toks23
\inpenc@posthook=\toks24

(/usr/share/texlive/texmf-dist/tex/latex/base/utf8.def
File: utf8.def 2008/04/05 v1.1m UTF-8 support for inputenc
Now handling font encoding OML ...
... no UTF-8 mapping file for font encoding OML
Now handling font encoding T1 ...
... processing UTF-8 mapping file for font encoding T1

(/usr/share/texlive/texmf-dist/tex/latex/base/t1enc.dfu
File: t1enc.dfu 2008/04/05 v1.1m UTF-8 support for inputenc
   defining Unicode char U+00A1 (decimal 161)
   defining Unicode char U+00A3 (decimal 163)
   defining Unicode char U+00AB (decimal 171)
   defining Unicode char U+00BB (decimal 187)
   defining Unicode char U+00BF (decimal 191)
   defining Unicode char U+00C0 (decimal 192)
   defining Unicode char U+00C1 (decimal 193)
   defining Unicode char U+00C2 (decimal 194)
   defining Unicode char U+00C3 (decimal 195)
   defining Unicode char U+00C4 (decimal 196)
   defining Unicode char U+00C5 (decimal 197)
   defining Unicode char U+00C6 (decimal 198)
   defining Unicode char U+00C7 (decimal 199)
   defining Unicode char U+00C8 (decimal 200)
   defining Unicode char U+00C9 (decimal 201)
   defining Unicode char U+00CA (decimal 202)
   defining Unicode char U+00CB (decimal 203)
   defining Unicode char U+00CC (decimal 204)
   defining Unicode char U+00CD (decimal 205)
   defining Unicode char U+00CE (decimal 206)
   defining Unicode char U+00CF (decimal 207)
   defining Unicode char U+00D0 (decimal 208)
   defining Unicode char U+00D1 (decimal 209)
   defining Unicode char U+00D2 (decimal 210)
   defining Unicode char U+00D3 (decimal 211)
   defining Unicode char U+00D4 (decimal 212)
   defining Unicode char U+00D5 (decimal 213)
   defining Unicode char U+00D6 (decimal 214)
   defining Unicode char U+00D8 (decimal 216)
   defining Unicode char U+00D9 (decimal 217)
   defining Unicode char U+00DA (decimal 218)
   defining Unicode char U+00DB (decimal 219)
   defining Unicode char U+00DC (decimal 220)
   defining Unicode char U+00DD (decimal 221)
   defining Unicode char U+00DE (decimal 222)
   defining Unicode char U+00DF (decimal 223)
   defining Unicode char U+00E0 (decimal 224)
   defining Unicode char U+00E1 (decimal 225)
   defining Unicode char U+00E2 (decimal 226)
   defining Unicode char U+00E3 (decimal 227)
   defining Unicode char U+00E4 (decimal 228)
   defining Unicode char U+00E5 (decimal 229)
   defining Unicode char U+00E6 (decimal 230)
   defining Unicode char U+00E7 (decimal 231)
   defining Unicode char U+00E8 (decimal 232)
   defining Unicode char U+00E9 (decimal 233)
   defining Unicode char U+00EA (decimal 234)
   defining Unicode char U+00EB (decimal 235)
   defining Unicode char U+00EC (decimal 236)
   defining Unicode char U+00ED (decimal 237)
   defining Unicode char U+00EE (decimal 238)
   defining Unicode char U+00EF (decimal 239)
   defining Unicode char U+00F0 (decimal 240)
   defining Unicode char U+00F1 (decimal 241)
   defining Unicode char U+00F2 (decimal 242)
   defining Unicode char U+00F3 (decimal 243)
   defining Unicode char U+00F4 (decimal 244)
   defining Unicode char U+00F5 (decimal 245)
   defining Unicode char U+00F6 (decimal 246)
   defining Unicode char U+00F8 (decimal 248)
   defining Unicode char U+00F9 (decimal 249)
   defining Unicode char U+00FA (decimal 250)
   defining Unicode char U+00FB (decimal 251)
   defining Unicode char U+00FC (decimal 252)
   defining Unicode char U+00FD (decimal 253)
   defining Unicode char U+00FE (decimal 254)
   defining Unicode char U+00FF (decimal 255)
   defining Unicode char U+0102 (decimal 258)
   defining Unicode char U+0103 (decimal 259)
   defining Unicode char U+0104 (decimal 260)
   defining Unicode char U+0105 (decimal 261)
   defining Unicode char U+0106 (decimal 262)
   defining Unicode char U+0107 (decimal 263)
   defining Unicode char U+010C (decimal 268)
   defining Unicode char U+010D (decimal 269)
   defining Unicode char U+010E (decimal 270)
   defining Unicode char U+010F (decimal 271)
   defining Unicode char U+0110 (decimal 272)
   defining Unicode char U+0111 (decimal 273)
   defining Unicode char U+0118 (decimal 280)
   defining Unicode char U+0119 (decimal 281)
   defining Unicode char U+011A (decimal 282)
   defining Unicode char U+011B (decimal 283)
   defining Unicode char U+011E (decimal 286)
   defining Unicode char U+011F (decimal 287)
   defining Unicode char U+0130 (decimal 304)
   defining Unicode char U+0131 (decimal 305)
   defining Unicode char U+0132 (decimal 306)
   defining Unicode char U+0133 (decimal 307)
   defining Unicode char U+0139 (decimal 313)
   defining Unicode char U+013A (decimal 314)
   defining Unicode char U+013D (decimal 317)
   defining Unicode char U+013E (decimal 318)
   defining Unicode char U+0141 (decimal 321)
   defining Unicode char U+0142 (decimal 322)
   defining Unicode char U+0143 (decimal 323)
   defining Unicode char U+0144 (decimal 324)
   defining Unicode char U+0147 (decimal 327)
   defining Unicode char U+0148 (decimal 328)
   defining Unicode char U+014A (decimal 330)
   defining Unicode char U+014B (decimal 331)
   defining Unicode char U+0150 (decimal 336)
   defining Unicode char U+0151 (decimal 337)
   defining Unicode char U+0152 (decimal 338)
   defining Unicode char U+0153 (decimal 339)
   defining Unicode char U+0154 (decimal 340)
   defining Unicode char U+0155 (decimal 341)
   defining Unicode char U+0158 (decimal 344)
   defining Unicode char U+0159 (decimal 345)
   defining Unicode char U+015A (decimal 346)
   defining Unicode char U+015B (decimal 347)
   defining Unicode char U+015E (decimal 350)
   defining Unicode char U+015F (decimal 351)
   defining Unicode char U+0160 (decimal 352)
   defining Unicode char U+0161 (decimal 353)
   defining Unicode char U+0162 (decimal 354)
   defining Unicode char U+0163 (decimal 355)
   defining Unicode char U+0164 (decimal 356)
   defining Unicode char U+0165 (decimal 357)
   defining Unicode char U+016E (decimal 366)
   defining Unicode char U+016F (decimal 367)
   defining Unicode char U+0170 (decimal 368)
   defining Unicode char U+0171 (decimal 369)
   defining Unicode char U+0178 (decimal 376)
   defining Unicode char U+0179 (decimal 377)
   defining Unicode char U+017A (decimal 378)
   defining Unicode char U+017B (decimal 379)
   defining Unicode char U+017C (decimal 380)
   defining Unicode char U+017D (decimal 381)
   defining Unicode char U+017E (decimal 382)
   defining Unicode char U+200C (decimal 8204)
   defining Unicode char U+2013 (decimal 8211)
   defining Unicode char U+2014 (decimal 8212)
   defining Unicode char U+2018 (decimal 8216)
   defining Unicode char U+2019 (decimal 8217)
   defining Unicode char U+201A (decimal 8218)
   defining Unicode char U+201C (decimal 8220)
   defining Unicode char U+201D (decimal 8221)
   defining Unicode char U+201E (decimal 8222)
   defining Unicode char U+2030 (decimal 8240)
   defining Unicode char U+2031 (decimal 8241)
   defining Unicode char U+2039 (decimal 8249)
   defining Unicode char U+203A (decimal 8250)
   defining Unicode char U+2423 (decimal 9251)
)
Now handling font encoding OT1 ...
... processing UTF-8 mapping file for font encoding OT1

(/usr/share/texlive/texmf-dist/tex/latex/base/ot1enc.dfu
File: ot1enc.dfu 2008/04/05 v1.1m UTF-8 support for inputenc
   defining Unicode char U+00A1 (decimal 161)
   defining Unicode char U+00A3 (decimal 163)
   defining Unicode char U+00B8 (decimal 184)
   defining Unicode char U+00BF (decimal 191)
   defining Unicode char U+00C5 (decimal 197)
   defining Unicode char U+00C6 (decimal 198)
   defining Unicode char U+00D8 (decimal 216)
   defining Unicode char U+00DF (decimal 223)
   defining Unicode char U+00E6 (decimal 230)
   defining Unicode char U+00EC (decimal 236)
   defining Unicode char U+00ED (decimal 237)
   defining Unicode char U+00EE (decimal 238)
   defining Unicode char U+00EF (decimal 239)
   defining Unicode char U+00F8 (decimal 248)
   defining Unicode char U+0131 (decimal 305)
   defining Unicode char U+0141 (decimal 321)
   defining Unicode char U+0142 (decimal 322)
   defining Unicode char U+0152 (decimal 338)
   defining Unicode char U+0153 (decimal 339)
   defining Unicode char U+2013 (decimal 8211)
   defining Unicode char U+2014 (decimal 8212)
   defining Unicode char U+2018 (decimal 8216)
   defining Unicode char U+2019 (decimal 8217)
   defining Unicode char U+201C (decimal 8220)
   defining Unicode char U+201D (decimal 8221)
)
Now handling font encoding OMS ...
... processing UTF-8 mapping file for font encoding OMS

(/usr/share/texlive/texmf-dist/tex/latex/base/omsenc.dfu
File: omsenc.dfu 2008/04/05 v1.1m UTF-8 support for inputenc
   defining Unicode char U+00A7 (decimal 167)
   defining Unicode char U+00B6 (decimal 182)
   defining Unicode char U+00B7 (decimal 183)
   defining Unicode char U+2020 (decimal 8224)
   defining Unicode char U+2021 (decimal 8225)
   defining Unicode char U+2022 (decimal 8226)
)
Now handling font encoding OMX ...
... no UTF-8 mapping file for font encoding OMX
Now handling font encoding U ...
... no UTF-8 mapping file for font encoding U
   defining Unicode char U+00A9 (decimal 169)
   defining Unicode char U+00AA (decimal 170)
   defining Unicode char U+00AE (decimal 174)
   defining Unicode char U+00BA (decimal 186)
   defining Unicode char U+02C6 (decimal 710)
   defining Unicode char U+02DC (decimal 732)
   defining Unicode char U+200C (decimal 8204)
   defining Unicode char U+2026 (decimal 8230)
   defining Unicode char U+2122 (decimal 8482)
   defining Unicode char U+2423 (decimal 9251)
))
(/usr/share/texlive/texmf-dist/tex/latex/base/fontenc.sty
Package: fontenc 2005/09/27 v1.99g Standard LaTeX package

(/usr/share/texlive/texmf-dist/tex/latex/base/t1enc.def
File: t1enc.def 2005/09/27 v1.99g Standard LaTeX file
LaTeX Font Info:    Redeclaring font encoding T1 on input line 43.
))
(./hpcse_report_lstrebel.aux)
\openout1 = `hpcse_report_lstrebel.aux'.

LaTeX Font Info:    Checking defaults for OML/cmm/m/it on input line 12.
LaTeX Font Info:    ... okay on input line 12.
LaTeX Font Info:    Checking defaults for T1/cmr/m/n on input line 12.
LaTeX Font Info:    ... okay on input line 12.
LaTeX Font Info:    Checking defaults for OT1/cmr/m/n on input line 12.
LaTeX Font Info:    ... okay on input line 12.
LaTeX Font Info:    Checking defaults for OMS/cmsy/m/n on input line 12.
LaTeX Font Info:    ... okay on input line 12.
LaTeX Font Info:    Checking defaults for OMX/cmex/m/n on input line 12.
LaTeX Font Info:    ... okay on input line 12.
LaTeX Font Info:    Checking defaults for U/cmr/m/n on input line 12.
LaTeX Font Info:    ... okay on input line 12.

(/usr/share/texlive/texmf-dist/tex/context/base/supp-pdf.mkii
[Loading MPS to PDF converter (version 2006.09.02).]
\scratchcounter=\count111
\scratchdimen=\dimen123
\scratchbox=\box32
\nofMPsegments=\count112
\nofMParguments=\count113
\everyMPshowfont=\toks25
\MPscratchCnt=\count114
\MPscratchDim=\dimen124
\MPnumerator=\count115
\makeMPintoPDFobject=\count116
\everyMPtoPDFconversion=\toks26
) (/usr/share/texlive/texmf-dist/tex/latex/oberdiek/epstopdf-base.sty
Package: epstopdf-base 2010/02/09 v2.5 Base part for package epstopdf

(/usr/share/texlive/texmf-dist/tex/latex/oberdiek/grfext.sty
Package: grfext 2010/08/19 v1.1 Manage graphics extensions (HO)

(/usr/share/texlive/texmf-dist/tex/generic/oberdiek/kvdefinekeys.sty
Package: kvdefinekeys 2011/04/07 v1.3 Define keys (HO)
))
(/usr/share/texlive/texmf-dist/tex/latex/oberdiek/kvoptions.sty
Package: kvoptions 2011/06/30 v3.11 Key value format for package options (HO)

(/usr/share/texlive/texmf-dist/tex/generic/oberdiek/kvsetkeys.sty
Package: kvsetkeys 2012/04/25 v1.16 Key value parser (HO)
))
Package grfext Info: Graphics extension search list:
(grfext)             [.png,.pdf,.jpg,.mps,.jpeg,.jbig2,.jb2,.PNG,.PDF,.JPG,.JPE
G,.JBIG2,.JB2,.eps]
(grfext)             \AppendGraphicsExtensions on input line 452.

(/usr/share/texlive/texmf-dist/tex/latex/latexconfig/epstopdf-sys.cfg
File: epstopdf-sys.cfg 2010/07/13 v1.3 Configuration of (r)epstopdf for TeX Liv
e
))
LaTeX Info: Redefining \celsius on input line 12.
Package gensymb Info: Faking symbols for \degree and \celsius on input line 12.



Package gensymb Warning: Not defining \perthousand.

LaTeX Info: Redefining \ohm on input line 12.
Package gensymb Info: Using \Omega for \ohm on input line 12.

Package gensymb Warning: Not defining \micro.

Package caption Info: Begin \AtBeginDocument code.
Package caption Info: float package is loaded.
Package caption Info: End \AtBeginDocument code.
runsystem(pygmentize -S default -f latex > hpcse_report_lstrebel.pyg)...execute
d.

(./hpcse_report_lstrebel.pyg) (./title_lst.tex)
LaTeX Font Info:    Try loading font information for U+msa on input line 16.

(/usr/share/texlive/texmf-dist/tex/latex/amsfonts/umsa.fd
File: umsa.fd 2013/01/14 v3.01 AMS symbols A
)
LaTeX Font Info:    Try loading font information for U+msb on input line 16.

(/usr/share/texlive/texmf-dist/tex/latex/amsfonts/umsb.fd
File: umsb.fd 2013/01/14 v3.01 AMS symbols B
)
Overfull \hbox (17.0pt too wide) in paragraph at lines 14--18
[]$[]$ 
 []


Underfull \hbox (badness 10000) in paragraph at lines 54--55

 []

[1

{/var/lib/texmf/fonts/map/pdftex/updmap/pdftex.map}]
Underfull \hbox (badness 10000) in paragraph at lines 76--77

 []


Underfull \hbox (badness 10000) in paragraph at lines 78--79

 []


Underfull \hbox (badness 10000) in paragraph at lines 82--83

 []


Underfull \hbox (badness 10000) in paragraph at lines 96--97

 []

[2]
Underfull \hbox (badness 10000) in paragraph at lines 120--122

 []

[3] [4]
Underfull \hbox (badness 10000) in paragraph at lines 228--229

 []

LaTeX Font Info:    Try loading font information for OMS+cmr on input line 230.

(/usr/share/texlive/texmf-dist/tex/latex/base/omscmr.fd
File: omscmr.fd 1999/05/25 v2.5h Standard LaTeX font definitions
)
LaTeX Font Info:    Font shape `OMS/cmr/m/n' in size <10.95> not available
(Font)              Font shape `OMS/cmsy/m/n' tried instead on input line 230.
 [5]
\openout3 = `hpcse_report_lstrebel.pyg'.

runsystem(pygmentize -l c++ -f latex -F tokenmerge            -P linenos -P "ve
rboptions= " -o hpcse_report_lstrebel.out.pyg hpcse_report_lstrebel.pyg)...exec
uted.


(./hpcse_report_lstrebel.out.pyg
LaTeX Font Info:    Try loading font information for T1+cmtt on input line 1.

(/usr/share/texlive/texmf-dist/tex/latex/base/t1cmtt.fd
File: t1cmtt.fd 1999/05/25 v2.5h Standard LaTeX font definitions
)
LaTeX Font Info:    Font shape `T1/cmtt/bx/n' in size <10.95> not available
(Font)              Font shape `T1/cmtt/m/n' tried instead on input line 7.
)
runsystem(rm hpcse_report_lstrebel.out.pyg)...executed.

runsystem(rm hpcse_report_lstrebel.pyg)...executed.

 [6]
\openout3 = `hpcse_report_lstrebel.pyg'.

runsystem(pygmentize -l c++ -f latex -F tokenmerge            -P linenos -P "ve
rboptions= " -o hpcse_report_lstrebel.out.pyg hpcse_report_lstrebel.pyg)...exec
uted.


(./hpcse_report_lstrebel.out.pyg [7])
runsystem(rm hpcse_report_lstrebel.out.pyg)...executed.

runsystem(rm hpcse_report_lstrebel.pyg)...executed.

\openout3 = `hpcse_report_lstrebel.pyg'.

runsystem(pygmentize -l c++ -f latex -F tokenmerge            -P linenos -P "ve
rboptions= " -o hpcse_report_lstrebel.out.pyg hpcse_report_lstrebel.pyg)...exec
uted.

 (./hpcse_report_lstrebel.out.pyg)
runsystem(rm hpcse_report_lstrebel.out.pyg)...executed.

runsystem(rm hpcse_report_lstrebel.pyg)...executed.

\openout3 = `hpcse_report_lstrebel.pyg'.

runsystem(pygmentize -l c++ -f latex -F tokenmerge            -P linenos -P "ve
rboptions= " -o hpcse_report_lstrebel.out.pyg hpcse_report_lstrebel.pyg)...exec
uted.


(./hpcse_report_lstrebel.out.pyg [8])
runsystem(rm hpcse_report_lstrebel.out.pyg)...executed.

runsystem(rm hpcse_report_lstrebel.pyg)...executed.

\openout3 = `hpcse_report_lstrebel.pyg'.

runsystem(pygmentize -l c++ -f latex -F tokenmerge            -P linenos -P "ve
rboptions= " -o hpcse_report_lstrebel.out.pyg hpcse_report_lstrebel.pyg)...exec
uted.

 (./hpcse_report_lstrebel.out.pyg)
runsystem(rm hpcse_report_lstrebel.out.pyg)...executed.

runsystem(rm hpcse_report_lstrebel.pyg)...executed.


[9]
\openout3 = `hpcse_report_lstrebel.pyg'.

runsystem(pygmentize -l c++ -f latex -F tokenmerge            -P linenos -P "ve
rboptions= " -o hpcse_report_lstrebel.out.pyg hpcse_report_lstrebel.pyg)...exec
uted.

 (./hpcse_report_lstrebel.out.pyg [10])
runsystem(rm hpcse_report_lstrebel.out.pyg)...executed.

runsystem(rm hpcse_report_lstrebel.pyg)...executed.

\openout3 = `hpcse_report_lstrebel.pyg'.

runsystem(pygmentize -l c++ -f latex -F tokenmerge            -P linenos -P "ve
rboptions= " -o hpcse_report_lstrebel.out.pyg hpcse_report_lstrebel.pyg)...exec
uted.

 (./hpcse_report_lstrebel.out.pyg)
runsystem(rm hpcse_report_lstrebel.out.pyg)...executed.

runsystem(rm hpcse_report_lstrebel.pyg)...executed.


[11]
\openout3 = `hpcse_report_lstrebel.pyg'.

runsystem(pygmentize -l c++ -f latex -F tokenmerge            -P linenos -P "ve
rboptions= " -o hpcse_report_lstrebel.out.pyg hpcse_report_lstrebel.pyg)...exec
uted.

 (./hpcse_report_lstrebel.out.pyg [12])
runsystem(rm hpcse_report_lstrebel.out.pyg)...executed.

runsystem(rm hpcse_report_lstrebel.pyg)...executed.

\openout3 = `hpcse_report_lstrebel.pyg'.

runsystem(pygmentize -l c++ -f latex -F tokenmerge            -P linenos -P "ve
rboptions= " -o hpcse_report_lstrebel.out.pyg hpcse_report_lstrebel.pyg)...exec
uted.

 (./hpcse_report_lstrebel.out.pyg)
runsystem(rm hpcse_report_lstrebel.out.pyg)...executed.

runsystem(rm hpcse_report_lstrebel.pyg)...executed.


[13]
<figures/patterns/alpha_k_0.046_F_0.007_step_100000.png, id=62, 1027.84pt x 102
7.84pt>
File: figures/patterns/alpha_k_0.046_F_0.007_step_100000.png Graphic file (type
 png)
 <use figures/patterns/alpha_k_0.046_F_0.007_step_100000.png>
Package pdftex.def Info: figures/patterns/alpha_k_0.046_F_0.007_step_100000.png
 used on input line 589.
(pdftex.def)             Requested size: 53.9978pt x 53.98279pt.

<figures/patterns/beta_k_0.046_F_0.020_step_100000.png, id=63, 1027.84pt x 1027
.84pt>
File: figures/patterns/beta_k_0.046_F_0.020_step_100000.png Graphic file (type 
png)
 <use figures/patterns/beta_k_0.046_F_0.020_step_100000.png>
Package pdftex.def Info: figures/patterns/beta_k_0.046_F_0.020_step_100000.png 
used on input line 596.
(pdftex.def)             Requested size: 53.9978pt x 53.98279pt.

<figures/patterns/gamma_k_0.055_F_0.024_step_100000.png, id=64, 1027.84pt x 102
7.84pt>
File: figures/patterns/gamma_k_0.055_F_0.024_step_100000.png Graphic file (type
 png)
 <use figures/patterns/gamma_k_0.055_F_0.024_step_100000.png>
Package pdftex.def Info: figures/patterns/gamma_k_0.055_F_0.024_step_100000.png
 used on input line 603.
(pdftex.def)             Requested size: 53.9978pt x 53.98279pt.

<figures/patterns/delta_k_0.055_F_0.030_step_100000.png, id=65, 1027.84pt x 102
7.84pt>
File: figures/patterns/delta_k_0.055_F_0.030_step_100000.png Graphic file (type
 png)
 <use figures/patterns/delta_k_0.055_F_0.030_step_100000.png>
Package pdftex.def Info: figures/patterns/delta_k_0.055_F_0.030_step_100000.png
 used on input line 610.
(pdftex.def)             Requested size: 53.9978pt x 53.98279pt.

<figures/patterns/epsilon_k_0.055_F_0.019_step_100000.png, id=66, 1027.84pt x 1
027.84pt>
File: figures/patterns/epsilon_k_0.055_F_0.019_step_100000.png Graphic file (ty
pe png)
 <use figures/patterns/epsilon_k_0.055_F_0.019_step_100000.png>
Package pdftex.def Info: figures/patterns/epsilon_k_0.055_F_0.019_step_100000.p
ng used on input line 617.
(pdftex.def)             Requested size: 53.9978pt x 53.98279pt.

<figures/patterns/xi_k_0.061_F_0.024_step_100000.png, id=67, 1027.84pt x 1027.8
4pt>
File: figures/patterns/xi_k_0.061_F_0.024_step_100000.png Graphic file (type pn
g)
 <use figures/patterns/xi_k_0.061_F_0.024_step_100000.png>
Package pdftex.def Info: figures/patterns/xi_k_0.061_F_0.024_step_100000.png us
ed on input line 624.
(pdftex.def)             Requested size: 53.9978pt x 53.98279pt.

<figures/patterns/eta_k_0.063_F_0.035_step_100000.png, id=68, 1027.84pt x 1027.
84pt>
File: figures/patterns/eta_k_0.063_F_0.035_step_100000.png Graphic file (type p
ng)
 <use figures/patterns/eta_k_0.063_F_0.035_step_100000.png>
Package pdftex.def Info: figures/patterns/eta_k_0.063_F_0.035_step_100000.png u
sed on input line 631.
(pdftex.def)             Requested size: 53.9978pt x 53.98279pt.

<figures/patterns/theta_k_0.060_F_0.042_step_100000.png, id=69, 1027.84pt x 102
7.84pt>
File: figures/patterns/theta_k_0.060_F_0.042_step_100000.png Graphic file (type
 png)
 <use figures/patterns/theta_k_0.060_F_0.042_step_100000.png>
Package pdftex.def Info: figures/patterns/theta_k_0.060_F_0.042_step_100000.png
 used on input line 638.
(pdftex.def)             Requested size: 53.9978pt x 53.98279pt.

<figures/patterns/iota_k_0.060_F_0.050_step_100000.png, id=70, 1027.84pt x 1027
.84pt>
File: figures/patterns/iota_k_0.060_F_0.050_step_100000.png Graphic file (type 
png)
 <use figures/patterns/iota_k_0.060_F_0.050_step_100000.png>
Package pdftex.def Info: figures/patterns/iota_k_0.060_F_0.050_step_100000.png 
used on input line 645.
(pdftex.def)             Requested size: 53.9978pt x 53.98279pt.

<figures/patterns/kappa_k_0.063_F_0.050_step_100000.png, id=71, 1027.84pt x 102
7.84pt>
File: figures/patterns/kappa_k_0.063_F_0.050_step_100000.png Graphic file (type
 png)
 <use figures/patterns/kappa_k_0.063_F_0.050_step_100000.png>
Package pdftex.def Info: figures/patterns/kappa_k_0.063_F_0.050_step_100000.png
 used on input line 652.
(pdftex.def)             Requested size: 53.9978pt x 53.98279pt.

<figures/patterns/lambda_k_0.065_F_0.040_step_100000.png, id=72, 1027.84pt x 10
27.84pt>
File: figures/patterns/lambda_k_0.065_F_0.040_step_100000.png Graphic file (typ
e png)
 <use figures/patterns/lambda_k_0.065_F_0.040_step_100000.png>
Package pdftex.def Info: figures/patterns/lambda_k_0.065_F_0.040_step_100000.pn
g used on input line 659.
(pdftex.def)             Requested size: 53.9978pt x 53.98279pt.

<figures/patterns/mu_k_0.065_F_0.050_step_100000.png, id=73, 1027.84pt x 1027.8
4pt>
File: figures/patterns/mu_k_0.065_F_0.050_step_100000.png Graphic file (type pn
g)
 <use figures/patterns/mu_k_0.065_F_0.050_step_100000.png>
Package pdftex.def Info: figures/patterns/mu_k_0.065_F_0.050_step_100000.png us
ed on input line 666.
(pdftex.def)             Requested size: 53.9978pt x 53.98279pt.
 [14 <./figures/patterns/alpha_k_0.046_F_0.007_step_100000.png (PNG copy)> <./f
igures/patterns/beta_k_0.046_F_0.020_step_100000.png (PNG copy)> <./figures/pat
terns/gamma_k_0.055_F_0.024_step_100000.png (PNG copy)> <./figures/patterns/del
ta_k_0.055_F_0.030_step_100000.png (PNG copy)> <./figures/patterns/epsilon_k_0.
055_F_0.019_step_100000.png (PNG copy)> <./figures/patterns/xi_k_0.061_F_0.024_
step_100000.png (PNG copy)> <./figures/patterns/eta_k_0.063_F_0.035_step_100000
.png (PNG copy)> <./figures/patterns/theta_k_0.060_F_0.042_step_100000.png (PNG
 copy)> <./figures/patterns/iota_k_0.060_F_0.050_step_100000.png (PNG copy)> <.
/figures/patterns/kappa_k_0.063_F_0.050_step_100000.png (PNG copy)> <./figures/
patterns/lambda_k_0.065_F_0.040_step_100000.png (PNG copy)> <./figures/patterns
/mu_k_0.065_F_0.050_step_100000.png (PNG copy)>]
Overfull \hbox (3.80746pt too wide) in paragraph at lines 689--691
\T1/cmr/m/n/10.95 for a non vec-tor-ized as well as a ver-sion com-piled with \
T1/cmtt/m/n/10.95 g++ -ftree-vectorize
 []

<figures/comparison_system_size_scaling.pdf, id=78, 578.16pt x 433.62pt>
File: figures/comparison_system_size_scaling.pdf Graphic file (type pdf)

<use figures/comparison_system_size_scaling.pdf>
Package pdftex.def Info: figures/comparison_system_size_scaling.pdf used on inp
ut line 696.
(pdftex.def)             Requested size: 360.0pt x 269.99951pt.
 [15 <./figures/comparison_system_size_scaling.pdf>]
<figures/mpi_transpose_32.pdf, id=178, 578.16pt x 433.62pt>
File: figures/mpi_transpose_32.pdf Graphic file (type pdf)

<use figures/mpi_transpose_32.pdf>
Package pdftex.def Info: figures/mpi_transpose_32.pdf used on input line 708.
(pdftex.def)             Requested size: 360.0pt x 269.99951pt.

Underfull \hbox (badness 10000) in paragraph at lines 720--721

 []

<figures/omp_strong_scaling.pdf, id=179, 578.16pt x 433.62pt>
File: figures/omp_strong_scaling.pdf Graphic file (type pdf)

<use figures/omp_strong_scaling.pdf>
Package pdftex.def Info: figures/omp_strong_scaling.pdf used on input line 723.

(pdftex.def)             Requested size: 360.0pt x 269.99951pt.

Underfull \hbox (badness 10000) in paragraph at lines 728--730

 []

[16 <./figures/mpi_transpose_32.pdf>]
<figures/mpi_data_strong_scaling.pdf, id=247, 578.16pt x 433.62pt>
File: figures/mpi_data_strong_scaling.pdf Graphic file (type pdf)

<use figures/mpi_data_strong_scaling.pdf>
Package pdftex.def Info: figures/mpi_data_strong_scaling.pdf used on input line
 732.
(pdftex.def)             Requested size: 360.0pt x 269.99951pt.

Underfull \hbox (badness 10000) in paragraph at lines 737--739

 []

<figures/hybrid_strong_scaling.pdf, id=248, 578.16pt x 433.62pt>
File: figures/hybrid_strong_scaling.pdf Graphic file (type pdf)

<use figures/hybrid_strong_scaling.pdf>
Package pdftex.def Info: figures/hybrid_strong_scaling.pdf used on input line 7
41.
(pdftex.def)             Requested size: 360.0pt x 269.99951pt.

Underfull \hbox (badness 10000) in paragraph at lines 746--748

 []

<figures/hybrid_omp_compare_256.pdf, id=249, 578.16pt x 433.62pt>
File: figures/hybrid_omp_compare_256.pdf Graphic file (type pdf)

<use figures/hybrid_omp_compare_256.pdf>
Package pdftex.def Info: figures/hybrid_omp_compare_256.pdf used on input line 
751.
(pdftex.def)             Requested size: 180.0pt x 134.99644pt.

<figures/hybrid_omp_compare_1024.pdf, id=250, 578.16pt x 433.62pt>
File: figures/hybrid_omp_compare_1024.pdf Graphic file (type pdf)

<use figures/hybrid_omp_compare_1024.pdf>
Package pdftex.def Info: figures/hybrid_omp_compare_1024.pdf used on input line
 752.
(pdftex.def)             Requested size: 180.0pt x 134.99644pt.


Package caption Warning: \label without proper \caption on input line 765.
See the caption package documentation for explanation.


LaTeX Warning: Reference `table:energy' on page 17 undefined on input line 761.


[17 <./figures/omp_strong_scaling.pdf>] [18 <./figures/mpi_data_strong_scaling.
pdf> <./figures/hybrid_strong_scaling.pdf

pdfTeX warning: pdflatex (file ./figures/hybrid_strong_scaling.pdf): PDF inclus
ion: multiple pdfs with page group included in a single page
>]
Overfull \hbox (83.77133pt too wide) in paragraph at lines 766--771
[][] 
 []

(./hpcse_report_lstrebel.bbl) [19 <./figures/hybrid_omp_compare_256.pdf> <./fig
ures/hybrid_omp_compare_1024.pdf

pdfTeX warning: pdflatex (file ./figures/hybrid_omp_compare_1024.pdf): PDF incl
usion: multiple pdfs with page group included in a single page
>] (./hpcse_report_lstrebel.aux)

LaTeX Warning: There were undefined references.

 ) 
Here is how much of TeX's memory you used:
 5474 strings out of 493304
 80403 string characters out of 6139871
 146436 words of memory out of 5000000
 8771 multiletter control sequences out of 15000+600000
 17952 words of font info for 48 fonts, out of 8000000 for 9000
 957 hyphenation exceptions out of 8191
 42i,20n,40p,516b,566s stack positions out of 5000i,500n,10000p,200000b,80000s
{/usr/share/texmf/fonts/enc/dvips/cm-super/cm-super-t1.enc}</usr/share/texliv
e/texmf-dist/fonts/type1/public/amsfonts/cm/cmex10.pfb></usr/share/texlive/texm
f-dist/fonts/type1/public/amsfonts/cm/cmmi10.pfb></usr/share/texlive/texmf-dist
/fonts/type1/public/amsfonts/cm/cmmi6.pfb></usr/share/texlive/texmf-dist/fonts/
type1/public/amsfonts/cm/cmmi8.pfb></usr/share/texlive/texmf-dist/fonts/type1/p
ublic/amsfonts/cm/cmr10.pfb></usr/share/texlive/texmf-dist/fonts/type1/public/a
msfonts/cm/cmr6.pfb></usr/share/texlive/texmf-dist/fonts/type1/public/amsfonts/
cm/cmr8.pfb></usr/share/texlive/texmf-dist/fonts/type1/public/amsfonts/cm/cmsy1
0.pfb></usr/share/texlive/texmf-dist/fonts/type1/public/amsfonts/cm/cmsy8.pfb><
/usr/share/texmf/fonts/type1/public/cm-super/sfbx1095.pfb></usr/share/texmf/fon
ts/type1/public/cm-super/sfbx1200.pfb></usr/share/texmf/fonts/type1/public/cm-s
uper/sfbx1440.pfb></usr/share/texmf/fonts/type1/public/cm-super/sfit1095.pfb></
usr/share/texmf/fonts/type1/public/cm-super/sfrm0600.pfb></usr/share/texmf/font
s/type1/public/cm-super/sfrm1000.pfb></usr/share/texmf/fonts/type1/public/cm-su
per/sfrm1095.pfb></usr/share/texmf/fonts/type1/public/cm-super/sfrm2074.pfb></u
sr/share/texmf/fonts/type1/public/cm-super/sfti1095.pfb></usr/share/texmf/fonts
/type1/public/cm-super/sftt1095.pfb>
Output written on hpcse_report_lstrebel.pdf (19 pages, 6291675 bytes).
PDF statistics:
 771 PDF objects out of 1000 (max. 8388607)
 174 compressed objects within 2 object streams
 0 named destinations out of 1000 (max. 500000)
 96 words of extra memory for PDF output out of 10000 (max. 10000000)

